2022-07-17 16:02:11,927 INFO org.hibernate.validator.internal.util.Version [background-preinit] HV000001: Hibernate Validator 6.2.3.Final
2022-07-17 16:02:11,974 INFO org.springframework.boot.logging.DeferredLog [restartedMain] Devtools property defaults active! Set 'spring.devtools.add-properties' to 'false' to disable
2022-07-17 16:02:11,975 INFO org.springframework.boot.logging.DeferredLog [restartedMain] For additional web related logging consider setting the 'logging.level.web' property to 'DEBUG'
2022-07-17 16:02:12,597 INFO org.springframework.data.repository.config.RepositoryConfigurationDelegate [restartedMain] Bootstrapping Spring Data JPA repositories in DEFAULT mode.
2022-07-17 16:02:12,663 INFO org.springframework.data.repository.config.RepositoryConfigurationDelegate [restartedMain] Finished Spring Data repository scanning in 58 ms. Found 7 JPA repository interfaces.
2022-07-17 16:02:13,712 INFO org.springframework.boot.web.embedded.tomcat.TomcatWebServer [restartedMain] Tomcat initialized with port(s): 8080 (http)
2022-07-17 16:02:13,722 INFO org.apache.juli.logging.DirectJDKLog [restartedMain] Initializing ProtocolHandler ["http-nio-8080"]
2022-07-17 16:02:13,722 INFO org.apache.juli.logging.DirectJDKLog [restartedMain] Starting service [Tomcat]
2022-07-17 16:02:13,724 INFO org.apache.juli.logging.DirectJDKLog [restartedMain] Starting Servlet engine: [Apache Tomcat/9.0.64]
2022-07-17 16:02:13,807 INFO org.apache.juli.logging.DirectJDKLog [restartedMain] Initializing Spring embedded WebApplicationContext
2022-07-17 16:02:13,807 INFO org.springframework.boot.web.servlet.context.ServletWebServerApplicationContext [restartedMain] Root WebApplicationContext: initialization completed in 1831 ms
2022-07-17 16:02:14,036 INFO com.zaxxer.hikari.HikariDataSource [restartedMain] HikariPool-1 - Starting...
2022-07-17 16:02:16,230 INFO com.zaxxer.hikari.HikariDataSource [restartedMain] HikariPool-1 - Start completed.
2022-07-17 16:02:16,395 INFO org.hibernate.jpa.internal.util.LogHelper [restartedMain] HHH000204: Processing PersistenceUnitInfo [name: default]
2022-07-17 16:02:16,457 INFO org.hibernate.Version [restartedMain] HHH000412: Hibernate ORM core version 5.6.9.Final
2022-07-17 16:02:16,822 INFO org.hibernate.annotations.common.reflection.java.JavaReflectionManager [restartedMain] HCANN000001: Hibernate Commons Annotations {5.1.2.Final}
2022-07-17 16:02:17,159 INFO org.hibernate.dialect.Dialect [restartedMain] HHH000400: Using dialect: org.hibernate.dialect.MySQL8Dialect
2022-07-17 16:02:18,096 INFO org.hibernate.engine.transaction.jta.platform.internal.JtaPlatformInitiator [restartedMain] HHH000490: Using JtaPlatform implementation: [org.hibernate.engine.transaction.jta.platform.internal.NoJtaPlatform]
2022-07-17 16:02:18,183 INFO org.springframework.orm.jpa.AbstractEntityManagerFactoryBean [restartedMain] Initialized JPA EntityManagerFactory for persistence unit 'default'
2022-07-17 16:02:18,969 WARN org.springframework.data.jpa.repository.query.NamedQuery [restartedMain] Finder method public abstract org.springframework.data.domain.Page com.example.spring.repository.ContactRepository.findOpenMessages(java.lang.String,org.springframework.data.domain.Pageable) is backed by a NamedQuery but contains a Pageable parameter! Sorting delivered via this Pageable will not be applied!
2022-07-17 16:02:19,093 INFO com.example.spring.aspects.LoggerAspect [restartedMain] PasswordEncoder com.example.spring.config.ProjectSecurityConfig.passwordEncoder() method execution started!
2022-07-17 16:02:19,105 INFO com.example.spring.aspects.LoggerAspect [restartedMain] Time took to execute PasswordEncoder com.example.spring.config.ProjectSecurityConfig.passwordEncoder() method is : 11
2022-07-17 16:02:19,105 INFO com.example.spring.aspects.LoggerAspect [restartedMain] PasswordEncoder com.example.spring.config.ProjectSecurityConfig.passwordEncoder() execution ended
2022-07-17 16:02:19,286 INFO com.example.spring.aspects.LoggerAspect [restartedMain] SecurityFilterChain com.example.spring.config.ProjectSecurityConfig.defaultSecurityFilterChain(HttpSecurity) method execution started!
2022-07-17 16:02:19,342 WARN org.springframework.boot.autoconfigure.orm.jpa.JpaBaseConfiguration$JpaWebConfiguration [restartedMain] spring.jpa.open-in-view is enabled by default. Therefore, database queries may be performed during view rendering. Explicitly configure spring.jpa.open-in-view to disable this warning
2022-07-17 16:02:20,057 INFO com.example.spring.aspects.LoggerAspect [restartedMain] void com.example.spring.config.WebConfig.addViewControllers(ViewControllerRegistry) method execution started!
2022-07-17 16:02:20,061 INFO com.example.spring.aspects.LoggerAspect [restartedMain] Time took to execute void com.example.spring.config.WebConfig.addViewControllers(ViewControllerRegistry) method is : 3
2022-07-17 16:02:20,061 INFO com.example.spring.aspects.LoggerAspect [restartedMain] void com.example.spring.config.WebConfig.addViewControllers(ViewControllerRegistry) execution ended
2022-07-17 16:02:20,578 INFO org.springframework.security.web.DefaultSecurityFilterChain [restartedMain] Will secure any request with [org.springframework.security.web.session.DisableEncodeUrlFilter@3043591d, org.springframework.security.web.context.request.async.WebAsyncManagerIntegrationFilter@4571a8b2, org.springframework.security.web.context.SecurityContextPersistenceFilter@6b62884, org.springframework.security.web.header.HeaderWriterFilter@44896a97, org.springframework.security.web.csrf.CsrfFilter@2b5316f3, org.springframework.security.web.authentication.logout.LogoutFilter@1512633b, org.springframework.security.web.authentication.UsernamePasswordAuthenticationFilter@6d0a1248, org.springframework.security.web.authentication.www.BasicAuthenticationFilter@6bbdef0a, org.springframework.security.web.savedrequest.RequestCacheAwareFilter@5911ba99, org.springframework.security.web.servletapi.SecurityContextHolderAwareRequestFilter@3b8f81f6, org.springframework.security.web.authentication.AnonymousAuthenticationFilter@4130caa9, org.springframework.security.web.session.SessionManagementFilter@7b5dd14b, org.springframework.security.web.access.ExceptionTranslationFilter@15d0e912, org.springframework.security.web.access.intercept.AuthorizationFilter@1194fa1d]
2022-07-17 16:02:20,578 INFO com.example.spring.aspects.LoggerAspect [restartedMain] Time took to execute SecurityFilterChain com.example.spring.config.ProjectSecurityConfig.defaultSecurityFilterChain(HttpSecurity) method is : 1290
2022-07-17 16:02:20,578 INFO com.example.spring.aspects.LoggerAspect [restartedMain] SecurityFilterChain com.example.spring.config.ProjectSecurityConfig.defaultSecurityFilterChain(HttpSecurity) execution ended
2022-07-17 16:02:21,785 INFO org.springframework.boot.devtools.autoconfigure.OptionalLiveReloadServer [restartedMain] LiveReload server is running on port 35729
2022-07-17 16:02:21,823 INFO org.apache.juli.logging.DirectJDKLog [restartedMain] Starting ProtocolHandler ["http-nio-8080"]
2022-07-17 16:02:21,851 INFO org.springframework.boot.web.embedded.tomcat.TomcatWebServer [restartedMain] Tomcat started on port(s): 8080 (http) with context path ''
2022-07-17 16:02:51,998 INFO org.apache.juli.logging.DirectJDKLog [http-nio-8080-exec-1] Initializing Spring DispatcherServlet 'dispatcherServlet'
2022-07-17 16:02:51,998 INFO org.springframework.web.servlet.FrameworkServlet [http-nio-8080-exec-1] Initializing Servlet 'dispatcherServlet'
2022-07-17 16:02:52,000 INFO org.springframework.web.servlet.FrameworkServlet [http-nio-8080-exec-1] Completed initialization in 1 ms
2022-07-17 16:02:52,038 INFO com.example.spring.aspects.LoggerAspect [http-nio-8080-exec-1] String com.example.spring.controller.DashboardController.displayDashboard(Model,Authentication,HttpSession) method execution started!
2022-07-17 16:02:52,042 INFO com.example.spring.aspects.LoggerAspect [http-nio-8080-exec-1] Person com.example.spring.repository.PersonRepository.findByEmail(String) method execution started!
2022-07-17 16:02:52,742 INFO com.example.spring.aspects.LoggerAspect [http-nio-8080-exec-1] Time took to execute Person com.example.spring.repository.PersonRepository.findByEmail(String) method is : 699
2022-07-17 16:02:52,742 INFO com.example.spring.aspects.LoggerAspect [http-nio-8080-exec-1] Person com.example.spring.repository.PersonRepository.findByEmail(String) execution ended
2022-07-17 16:02:52,743 WARN com.example.spring.controller.DashboardController [http-nio-8080-exec-1] WARN
2022-07-17 16:02:52,743 INFO com.example.spring.controller.DashboardController [http-nio-8080-exec-1] INFO
2022-07-17 16:02:52,743 ERROR com.example.spring.controller.DashboardController [http-nio-8080-exec-1] ERROR
2022-07-17 16:02:52,744 INFO com.example.spring.aspects.LoggerAspect [http-nio-8080-exec-1] Time took to execute String com.example.spring.controller.DashboardController.displayDashboard(Model,Authentication,HttpSession) method is : 705
2022-07-17 16:02:52,744 INFO com.example.spring.aspects.LoggerAspect [http-nio-8080-exec-1] String com.example.spring.controller.DashboardController.displayDashboard(Model,Authentication,HttpSession) execution ended
